mode: set
github.com/1lostsun/L2/tree/main/L2_18/internal/middleware/logger.go:10.34,11.30 1 0
github.com/1lostsun/L2/tree/main/L2_18/internal/middleware/logger.go:11.30,22.10 8 0
github.com/1lostsun/L2/tree/main/L2_18/internal/middleware/logger.go:23.47,24.84 1 0
github.com/1lostsun/L2/tree/main/L2_18/internal/middleware/logger.go:25.47,26.73 1 0
github.com/1lostsun/L2/tree/main/L2_18/internal/middleware/logger.go:27.11,28.80 1 0
github.com/1lostsun/L2/tree/main/L2_18/internal/middleware/middleware.go:9.43,10.30 1 0
github.com/1lostsun/L2/tree/main/L2_18/internal/middleware/middleware.go:10.30,14.36 3 0
github.com/1lostsun/L2/tree/main/L2_18/internal/middleware/middleware.go:14.36,16.4 1 0
github.com/1lostsun/L2/tree/main/L2_18/internal/pkg/logger.go:31.27,33.2 1 0
github.com/1lostsun/L2/tree/main/L2_18/internal/pkg/logger.go:35.58,36.22 1 0
github.com/1lostsun/L2/tree/main/L2_18/internal/pkg/logger.go:36.22,38.3 1 0
github.com/1lostsun/L2/tree/main/L2_18/internal/pkg/logger.go:39.2,42.33 4 0
github.com/1lostsun/L2/tree/main/L2_18/internal/pkg/logger.go:42.33,44.3 1 0
github.com/1lostsun/L2/tree/main/L2_18/internal/pkg/logger.go:44.8,46.3 1 0
github.com/1lostsun/L2/tree/main/L2_18/internal/pkg/logger.go:49.35,50.11 1 0
github.com/1lostsun/L2/tree/main/L2_18/internal/pkg/logger.go:51.13,52.17 1 0
github.com/1lostsun/L2/tree/main/L2_18/internal/pkg/logger.go:53.12,54.16 1 0
github.com/1lostsun/L2/tree/main/L2_18/internal/pkg/logger.go:55.12,56.16 1 0
github.com/1lostsun/L2/tree/main/L2_18/internal/pkg/logger.go:57.13,58.17 1 0
github.com/1lostsun/L2/tree/main/L2_18/internal/pkg/logger.go:59.10,60.19 1 0
github.com/1lostsun/L2/tree/main/L2_18/internal/pkg/logger.go:65.48,65.79 1 0
github.com/1lostsun/L2/tree/main/L2_18/internal/pkg/logger.go:68.47,68.77 1 0
github.com/1lostsun/L2/tree/main/L2_18/internal/pkg/logger.go:71.47,71.77 1 0
github.com/1lostsun/L2/tree/main/L2_18/internal/pkg/logger.go:74.48,74.79 1 0
github.com/1lostsun/L2/tree/main/L2_18/cmd/server/main.go:5.13,7.2 1 0
github.com/1lostsun/L2/tree/main/L2_18/internal/app/app.go:14.12,16.40 1 0
github.com/1lostsun/L2/tree/main/L2_18/internal/app/app.go:16.40,19.3 2 0
github.com/1lostsun/L2/tree/main/L2_18/internal/app/app.go:21.2,31.36 8 0
github.com/1lostsun/L2/tree/main/L2_18/internal/app/app.go:31.36,34.3 2 0
github.com/1lostsun/L2/tree/main/L2_18/internal/handler/events.go:11.47,14.48 2 0
github.com/1lostsun/L2/tree/main/L2_18/internal/handler/events.go:14.48,17.3 2 0
github.com/1lostsun/L2/tree/main/L2_18/internal/handler/events.go:19.2,19.47 1 0
github.com/1lostsun/L2/tree/main/L2_18/internal/handler/events.go:19.47,22.3 2 0
github.com/1lostsun/L2/tree/main/L2_18/internal/handler/events.go:24.2,24.46 1 0
github.com/1lostsun/L2/tree/main/L2_18/internal/handler/events.go:28.47,31.48 2 0
github.com/1lostsun/L2/tree/main/L2_18/internal/handler/events.go:31.48,34.3 2 0
github.com/1lostsun/L2/tree/main/L2_18/internal/handler/events.go:36.2,36.47 1 0
github.com/1lostsun/L2/tree/main/L2_18/internal/handler/events.go:36.47,39.3 2 0
github.com/1lostsun/L2/tree/main/L2_18/internal/handler/events.go:41.2,41.46 1 0
github.com/1lostsun/L2/tree/main/L2_18/internal/handler/events.go:45.47,47.48 2 0
github.com/1lostsun/L2/tree/main/L2_18/internal/handler/events.go:47.48,50.3 2 0
github.com/1lostsun/L2/tree/main/L2_18/internal/handler/events.go:52.2,52.77 1 0
github.com/1lostsun/L2/tree/main/L2_18/internal/handler/events.go:52.77,55.3 2 0
github.com/1lostsun/L2/tree/main/L2_18/internal/handler/events.go:57.2,57.60 1 0
github.com/1lostsun/L2/tree/main/L2_18/internal/handler/events.go:61.48,65.48 3 0
github.com/1lostsun/L2/tree/main/L2_18/internal/handler/events.go:65.48,67.17 2 0
github.com/1lostsun/L2/tree/main/L2_18/internal/handler/events.go:67.17,70.4 2 0
github.com/1lostsun/L2/tree/main/L2_18/internal/handler/events.go:72.3,74.30 3 0
github.com/1lostsun/L2/tree/main/L2_18/internal/handler/events.go:75.8,76.48 1 0
github.com/1lostsun/L2/tree/main/L2_18/internal/handler/events.go:76.48,79.4 2 0
github.com/1lostsun/L2/tree/main/L2_18/internal/handler/events.go:82.2,83.16 2 0
github.com/1lostsun/L2/tree/main/L2_18/internal/handler/events.go:83.16,86.3 2 0
github.com/1lostsun/L2/tree/main/L2_18/internal/handler/events.go:88.2,88.46 1 0
github.com/1lostsun/L2/tree/main/L2_18/internal/handler/events.go:92.49,96.48 3 0
github.com/1lostsun/L2/tree/main/L2_18/internal/handler/events.go:96.48,98.17 2 0
github.com/1lostsun/L2/tree/main/L2_18/internal/handler/events.go:98.17,101.4 2 0
github.com/1lostsun/L2/tree/main/L2_18/internal/handler/events.go:103.3,105.30 3 0
github.com/1lostsun/L2/tree/main/L2_18/internal/handler/events.go:106.8,107.48 1 0
github.com/1lostsun/L2/tree/main/L2_18/internal/handler/events.go:107.48,110.4 2 0
github.com/1lostsun/L2/tree/main/L2_18/internal/handler/events.go:113.2,114.16 2 0
github.com/1lostsun/L2/tree/main/L2_18/internal/handler/events.go:114.16,117.3 2 0
github.com/1lostsun/L2/tree/main/L2_18/internal/handler/events.go:119.2,119.46 1 0
github.com/1lostsun/L2/tree/main/L2_18/internal/handler/events.go:123.50,127.48 3 0
github.com/1lostsun/L2/tree/main/L2_18/internal/handler/events.go:127.48,129.17 2 0
github.com/1lostsun/L2/tree/main/L2_18/internal/handler/events.go:129.17,132.4 2 0
github.com/1lostsun/L2/tree/main/L2_18/internal/handler/events.go:134.3,136.30 3 0
github.com/1lostsun/L2/tree/main/L2_18/internal/handler/events.go:137.8,138.48 1 0
github.com/1lostsun/L2/tree/main/L2_18/internal/handler/events.go:138.48,141.4 2 0
github.com/1lostsun/L2/tree/main/L2_18/internal/handler/events.go:144.2,145.16 2 0
github.com/1lostsun/L2/tree/main/L2_18/internal/handler/events.go:145.16,148.3 2 0
github.com/1lostsun/L2/tree/main/L2_18/internal/handler/events.go:150.2,150.46 1 0
github.com/1lostsun/L2/tree/main/L2_18/internal/handler/handler.go:15.40,19.2 1 0
github.com/1lostsun/L2/tree/main/L2_18/internal/handler/handler.go:22.45,25.2 3 0
github.com/1lostsun/L2/tree/main/L2_18/internal/handler/handler.go:25.2,33.3 6 0
github.com/1lostsun/L2/tree/main/L2_18/internal/usecase/usecase.go:26.36,28.2 1 1
github.com/1lostsun/L2/tree/main/L2_18/internal/usecase/usecase.go:31.60,35.16 3 1
github.com/1lostsun/L2/tree/main/L2_18/internal/usecase/usecase.go:35.16,37.3 1 1
github.com/1lostsun/L2/tree/main/L2_18/internal/usecase/usecase.go:39.2,46.34 2 1
github.com/1lostsun/L2/tree/main/L2_18/internal/usecase/usecase.go:50.60,54.16 3 1
github.com/1lostsun/L2/tree/main/L2_18/internal/usecase/usecase.go:54.16,56.3 1 1
github.com/1lostsun/L2/tree/main/L2_18/internal/usecase/usecase.go:58.2,65.34 2 1
github.com/1lostsun/L2/tree/main/L2_18/internal/usecase/usecase.go:69.76,71.16 2 1
github.com/1lostsun/L2/tree/main/L2_18/internal/usecase/usecase.go:71.16,73.3 1 1
github.com/1lostsun/L2/tree/main/L2_18/internal/usecase/usecase.go:75.2,75.49 1 1
github.com/1lostsun/L2/tree/main/L2_18/internal/usecase/usecase.go:79.88,81.16 2 1
github.com/1lostsun/L2/tree/main/L2_18/internal/usecase/usecase.go:81.16,83.3 1 1
github.com/1lostsun/L2/tree/main/L2_18/internal/usecase/usecase.go:85.2,85.43 1 1
github.com/1lostsun/L2/tree/main/L2_18/internal/usecase/usecase.go:89.89,91.16 2 1
github.com/1lostsun/L2/tree/main/L2_18/internal/usecase/usecase.go:91.16,93.3 1 1
github.com/1lostsun/L2/tree/main/L2_18/internal/usecase/usecase.go:95.2,95.44 1 1
github.com/1lostsun/L2/tree/main/L2_18/internal/usecase/usecase.go:99.90,101.16 2 1
github.com/1lostsun/L2/tree/main/L2_18/internal/usecase/usecase.go:101.16,103.3 1 1
github.com/1lostsun/L2/tree/main/L2_18/internal/usecase/usecase.go:105.2,105.45 1 1
github.com/1lostsun/L2/tree/main/L2_18/internal/repo/repo.go:17.18,22.2 1 0
github.com/1lostsun/L2/tree/main/L2_18/internal/repo/repo.go:25.50,29.22 3 1
github.com/1lostsun/L2/tree/main/L2_18/internal/repo/repo.go:29.22,31.3 1 1
github.com/1lostsun/L2/tree/main/L2_18/internal/repo/repo.go:33.2,33.40 1 1
github.com/1lostsun/L2/tree/main/L2_18/internal/repo/repo.go:33.40,34.13 1 1
github.com/1lostsun/L2/tree/main/L2_18/internal/repo/repo.go:34.13,36.4 1 1
github.com/1lostsun/L2/tree/main/L2_18/internal/repo/repo.go:39.2,40.12 2 1
github.com/1lostsun/L2/tree/main/L2_18/internal/repo/repo.go:44.50,49.22 4 1
github.com/1lostsun/L2/tree/main/L2_18/internal/repo/repo.go:49.22,51.3 1 1
github.com/1lostsun/L2/tree/main/L2_18/internal/repo/repo.go:53.2,53.40 1 1
github.com/1lostsun/L2/tree/main/L2_18/internal/repo/repo.go:53.40,54.49 1 1
github.com/1lostsun/L2/tree/main/L2_18/internal/repo/repo.go:54.49,57.9 3 1
github.com/1lostsun/L2/tree/main/L2_18/internal/repo/repo.go:61.2,61.11 1 1
github.com/1lostsun/L2/tree/main/L2_18/internal/repo/repo.go:61.11,63.3 1 1
github.com/1lostsun/L2/tree/main/L2_18/internal/repo/repo.go:65.2,65.12 1 1
github.com/1lostsun/L2/tree/main/L2_18/internal/repo/repo.go:69.79,73.22 3 1
github.com/1lostsun/L2/tree/main/L2_18/internal/repo/repo.go:73.22,75.3 1 1
github.com/1lostsun/L2/tree/main/L2_18/internal/repo/repo.go:77.2,79.38 2 1
github.com/1lostsun/L2/tree/main/L2_18/internal/repo/repo.go:79.38,80.45 1 1
github.com/1lostsun/L2/tree/main/L2_18/internal/repo/repo.go:80.45,81.12 1 1
github.com/1lostsun/L2/tree/main/L2_18/internal/repo/repo.go:84.3,84.29 1 0
github.com/1lostsun/L2/tree/main/L2_18/internal/repo/repo.go:87.2,87.43 1 1
github.com/1lostsun/L2/tree/main/L2_18/internal/repo/repo.go:87.43,89.3 1 1
github.com/1lostsun/L2/tree/main/L2_18/internal/repo/repo.go:91.2,92.12 2 1
github.com/1lostsun/L2/tree/main/L2_18/internal/repo/repo.go:96.84,100.22 3 1
github.com/1lostsun/L2/tree/main/L2_18/internal/repo/repo.go:100.22,102.3 1 1
github.com/1lostsun/L2/tree/main/L2_18/internal/repo/repo.go:104.2,105.38 2 1
github.com/1lostsun/L2/tree/main/L2_18/internal/repo/repo.go:105.38,106.99 1 1
github.com/1lostsun/L2/tree/main/L2_18/internal/repo/repo.go:106.99,108.4 1 1
github.com/1lostsun/L2/tree/main/L2_18/internal/repo/repo.go:111.2,111.22 1 1
github.com/1lostsun/L2/tree/main/L2_18/internal/repo/repo.go:111.22,113.3 1 1
github.com/1lostsun/L2/tree/main/L2_18/internal/repo/repo.go:115.2,115.20 1 1
github.com/1lostsun/L2/tree/main/L2_18/internal/repo/repo.go:119.85,123.22 3 1
github.com/1lostsun/L2/tree/main/L2_18/internal/repo/repo.go:123.22,125.3 1 1
github.com/1lostsun/L2/tree/main/L2_18/internal/repo/repo.go:127.2,128.38 2 1
github.com/1lostsun/L2/tree/main/L2_18/internal/repo/repo.go:128.38,131.91 3 1
github.com/1lostsun/L2/tree/main/L2_18/internal/repo/repo.go:131.91,133.4 1 1
github.com/1lostsun/L2/tree/main/L2_18/internal/repo/repo.go:136.2,136.22 1 1
github.com/1lostsun/L2/tree/main/L2_18/internal/repo/repo.go:136.22,138.3 1 1
github.com/1lostsun/L2/tree/main/L2_18/internal/repo/repo.go:140.2,140.20 1 1
github.com/1lostsun/L2/tree/main/L2_18/internal/repo/repo.go:144.86,148.22 3 1
github.com/1lostsun/L2/tree/main/L2_18/internal/repo/repo.go:148.22,150.3 1 1
github.com/1lostsun/L2/tree/main/L2_18/internal/repo/repo.go:152.2,153.38 2 1
github.com/1lostsun/L2/tree/main/L2_18/internal/repo/repo.go:153.38,154.69 1 1
github.com/1lostsun/L2/tree/main/L2_18/internal/repo/repo.go:154.69,156.4 1 1
github.com/1lostsun/L2/tree/main/L2_18/internal/repo/repo.go:159.2,159.22 1 1
github.com/1lostsun/L2/tree/main/L2_18/internal/repo/repo.go:159.22,161.3 1 1
github.com/1lostsun/L2/tree/main/L2_18/internal/repo/repo.go:163.2,163.20 1 1
